----------------------------------------------------------------
Fri Feb 05 01:23:03 IST 2021:
Booting Derby version The Apache Software Foundation - Apache Derby - 10.14.2.0 - (1828579): instance a816c00e-0177-6e9a-ebf5-00000103e808 
on database directory memory:C:\Users\Hariom\Documents\workspace-spring-tool-suite-4-4.9.0.RELEASE\SpringBootJPADerbyQuery\83991ef6-54dc-46ed-b326-13443d722b08 with class loader jdk.internal.loader.ClassLoaders$AppClassLoader@3764951d 
Loaded from file:/C:/Users/Hariom/.m2/repository/org/apache/derby/derby/10.14.2.0/derby-10.14.2.0.jar
java.vendor=Oracle Corporation
java.runtime.version=15.0.1+9-18
user.dir=C:\Users\Hariom\Documents\workspace-spring-tool-suite-4-4.9.0.RELEASE\SpringBootJPADerbyQuery
os.name=Windows 10
os.arch=amd64
os.version=10.0
derby.system.home=null
Database Class Loader started - derby.database.classpath=''
----------------------------------------------------------------
Fri Feb 05 01:25:26 IST 2021:
Shutting down instance a816c00e-0177-6e9a-ebf5-00000103e808 on database directory memory:C:\Users\Hariom\Documents\workspace-spring-tool-suite-4-4.9.0.RELEASE\SpringBootJPADerbyQuery\83991ef6-54dc-46ed-b326-13443d722b08 with class loader jdk.internal.loader.ClassLoaders$AppClassLoader@3764951d 
----------------------------------------------------------------
Fri Feb 05 01:25:28 IST 2021:
Booting Derby version The Apache Software Foundation - Apache Derby - 10.14.2.0 - (1828579): instance 292a80bc-0177-6e9a-ebf5-00000103e808 
on database directory memory:C:\Users\Hariom\Documents\workspace-spring-tool-suite-4-4.9.0.RELEASE\SpringBootJPADerbyQuery\ec338e64-94ef-43e2-b586-d107ed4a6a26 with class loader jdk.internal.loader.ClassLoaders$AppClassLoader@3764951d 
Loaded from file:/C:/Users/Hariom/.m2/repository/org/apache/derby/derby/10.14.2.0/derby-10.14.2.0.jar
java.vendor=Oracle Corporation
java.runtime.version=15.0.1+9-18
user.dir=C:\Users\Hariom\Documents\workspace-spring-tool-suite-4-4.9.0.RELEASE\SpringBootJPADerbyQuery
os.name=Windows 10
os.arch=amd64
os.version=10.0
derby.system.home=null
Database Class Loader started - derby.database.classpath=''
----------------------------------------------------------------
Fri Feb 05 01:37:53 IST 2021:
Shutting down instance 292a80bc-0177-6e9a-ebf5-00000103e808 on database directory memory:C:\Users\Hariom\Documents\workspace-spring-tool-suite-4-4.9.0.RELEASE\SpringBootJPADerbyQuery\ec338e64-94ef-43e2-b586-d107ed4a6a26 with class loader jdk.internal.loader.ClassLoaders$AppClassLoader@3764951d 
----------------------------------------------------------------
Fri Feb 05 01:38:06 IST 2021:
Booting Derby version The Apache Software Foundation - Apache Derby - 10.14.2.0 - (1828579): instance 82d70188-0177-6e9a-ebf5-00000103e808 
on database directory memory:C:\Users\Hariom\Documents\workspace-spring-tool-suite-4-4.9.0.RELEASE\SpringBootJPADerbyQuery\f1458b4c-ba3b-48d8-a6d1-921201c1b561 with class loader jdk.internal.loader.ClassLoaders$AppClassLoader@3764951d 
Loaded from file:/C:/Users/Hariom/.m2/repository/org/apache/derby/derby/10.14.2.0/derby-10.14.2.0.jar
java.vendor=Oracle Corporation
java.runtime.version=15.0.1+9-18
user.dir=C:\Users\Hariom\Documents\workspace-spring-tool-suite-4-4.9.0.RELEASE\SpringBootJPADerbyQuery
os.name=Windows 10
os.arch=amd64
os.version=10.0
derby.system.home=null
Database Class Loader started - derby.database.classpath=''
----------------------------------------------------------------
Fri Feb 05 01:41:49 IST 2021:
Shutting down instance 82d70188-0177-6e9a-ebf5-00000103e808 on database directory memory:C:\Users\Hariom\Documents\workspace-spring-tool-suite-4-4.9.0.RELEASE\SpringBootJPADerbyQuery\f1458b4c-ba3b-48d8-a6d1-921201c1b561 with class loader jdk.internal.loader.ClassLoaders$AppClassLoader@3764951d 
----------------------------------------------------------------
Fri Feb 05 01:41:52 IST 2021:
Booting Derby version The Apache Software Foundation - Apache Derby - 10.14.2.0 - (1828579): instance 665d423a-0177-6e9a-ebf5-00000103e808 
on database directory memory:C:\Users\Hariom\Documents\workspace-spring-tool-suite-4-4.9.0.RELEASE\SpringBootJPADerbyQuery\2ec660e7-bcaa-4f67-a4e8-cf4ccd335afe with class loader jdk.internal.loader.ClassLoaders$AppClassLoader@3764951d 
Loaded from file:/C:/Users/Hariom/.m2/repository/org/apache/derby/derby/10.14.2.0/derby-10.14.2.0.jar
java.vendor=Oracle Corporation
java.runtime.version=15.0.1+9-18
user.dir=C:\Users\Hariom\Documents\workspace-spring-tool-suite-4-4.9.0.RELEASE\SpringBootJPADerbyQuery
os.name=Windows 10
os.arch=amd64
os.version=10.0
derby.system.home=null
Database Class Loader started - derby.database.classpath=''
